<?xml version="1.0" encoding="UTF-8"?>
<!-- Generated by org.testng.reporters.JUnitReportReporter -->
<testsuite hostname="192.168.0.101" failures="0" tests="1" name="TestCase.TickerTapeAssignmentOne" time="30.379" errors="0" timestamp="2022-02-14T12:05:45 IST" skipped="0">
  <testcase classname="TestCase.TickerTapeAssignmentOne" name="fkScenarioOne" time="30.379"/>
  <system-out/>
</testsuite> <!-- TestCase.TickerTapeAssignmentOne -->
