<?xml version="1.0" encoding="UTF-8"?>
<!-- Generated by org.testng.reporters.JUnitReportReporter -->
<testsuite hostname="192.168.0.101" failures="0" tests="2" name="TestCase.TickerTapeAssignmentTwo" time="44.840" errors="0" timestamp="2022-02-13T10:10:39 IST" skipped="1">
  <testcase classname="TestCase.TickerTapeAssignmentTwo" name="amzScenario" time="44.840"/>
  <system-out/>
  <testcase classname="TestCase.TickerTapeAssignmentTwo" name="fkpScenario">
    <skipped/>
  </testcase> <!-- fkpScenario -->
  <system-out/>
</testsuite> <!-- TestCase.TickerTapeAssignmentTwo -->
