<?xml version="1.0" encoding="UTF-8"?>
<!-- Generated by org.testng.reporters.JUnitReportReporter -->
<testsuite hostname="192.168.0.101" failures="0" tests="2" name="TestCase.TickerTapeAssignmentTwo" time="32.343" errors="0" timestamp="2022-02-13T12:36:50 IST" skipped="1">
  <testcase classname="TestCase.TickerTapeAssignmentTwo" name="fkpScenario" time="32.343"/>
  <system-out/>
  <testcase classname="TestCase.TickerTapeAssignmentTwo" name="amzScenario">
    <skipped/>
  </testcase> <!-- amzScenario -->
  <system-out/>
</testsuite> <!-- TestCase.TickerTapeAssignmentTwo -->
