<?xml version="1.0" encoding="UTF-8"?>
<!-- Generated by org.testng.reporters.JUnitReportReporter -->
<testsuite hostname="192.168.0.101" failures="0" tests="1" name="TestCase.TickerTapeAssignmentTwo" time="56.931" errors="0" timestamp="2022-02-14T10:02:49 IST" skipped="0">
  <testcase classname="TestCase.TickerTapeAssignmentTwo" name="fkamzScenario" time="56.931"/>
  <system-out/>
</testsuite> <!-- TestCase.TickerTapeAssignmentTwo -->
