<?xml version="1.0" encoding="UTF-8"?>
<!-- Generated by org.testng.reporters.JUnitReportReporter -->
<testsuite hostname="192.168.0.101" failures="0" tests="1" name="TestCase.BaseClass" time="35.608" errors="0" timestamp="2022-02-12T14:02:28 IST" skipped="0">
  <testcase classname="TestCase.BaseClass" name="run1" time="35.608"/>
  <system-out/>
</testsuite> <!-- TestCase.BaseClass -->
