<?xml version="1.0" encoding="UTF-8"?>
<!-- Generated by org.testng.reporters.JUnitReportReporter -->
<testsuite hostname="192.168.0.101" failures="0" tests="1" name="TestCase.TickerTapeAssignment" time="38.653" errors="0" timestamp="2022-02-12T15:22:06 IST" skipped="0">
  <testcase classname="TestCase.TickerTapeAssignment" name="runScenarioOne" time="38.653"/>
  <system-out/>
</testsuite> <!-- TestCase.TickerTapeAssignment -->
