<?xml version="1.0" encoding="UTF-8"?>
<!-- Generated by org.testng.reporters.JUnitReportReporter -->
<testsuite hostname="Divyajyotis-MacBook-Air.local" failures="0" tests="1" name="TestCase.TickerTapeAssignmentOne" time="56.089" errors="0" timestamp="2022-05-22T15:03:56 IST" skipped="0">
  <testcase classname="TestCase.TickerTapeAssignmentOne" name="fkScenarioOne" time="56.089"/>
  <system-out/>
</testsuite> <!-- TestCase.TickerTapeAssignmentOne -->
