<?xml version="1.0" encoding="UTF-8"?>
<!-- Generated by org.testng.reporters.JUnitReportReporter -->
<testsuite hostname="Divyajyotis-MacBook-Air.local" failures="0" tests="1" name="TestCase.TestQA" time="15.619" errors="0" timestamp="2022-04-03T01:01:05 IST" skipped="0">
  <testcase classname="TestCase.TestQA" name="loginAction" time="15.619"/>
  <system-out/>
</testsuite> <!-- TestCase.TestQA -->
