<?xml version="1.0" encoding="UTF-8"?>
<!-- Generated by org.testng.reporters.JUnitReportReporter -->
<testsuite hostname="192.168.0.101" failures="0" tests="1" name="BaseTest.BaseClass" time="31.071" errors="0" timestamp="2022-02-12T13:47:40 IST" skipped="0">
  <testcase classname="BaseTest.BaseClass" name="run1" time="31.071"/>
  <system-out/>
</testsuite> <!-- BaseTest.BaseClass -->
