<?xml version="1.0" encoding="UTF-8"?>
<!-- Generated by org.testng.reporters.JUnitReportReporter -->
<testsuite hostname="192.168.0.101" failures="0" tests="1" name="TestCase.TickerTapeAssignmentOne" time="32.469" errors="0" timestamp="2022-02-13T16:24:18 IST" skipped="0">
  <testcase classname="TestCase.TickerTapeAssignmentOne" name="runScenarioOne" time="32.469"/>
  <system-out/>
</testsuite> <!-- TestCase.TickerTapeAssignmentOne -->
